mode: set
github.com/icreatejb/morals/main.go:146.58,147.54 1 1
github.com/icreatejb/morals/main.go:147.54,151.3 3 1
github.com/icreatejb/morals/main.go:154.55,155.54 1 1
github.com/icreatejb/morals/main.go:155.54,160.3 4 1
github.com/icreatejb/morals/main.go:163.59,170.2 6 1
github.com/icreatejb/morals/main.go:172.62,179.2 6 1
github.com/icreatejb/morals/main.go:181.59,185.2 3 1
github.com/icreatejb/morals/main.go:187.26,189.16 2 1
github.com/icreatejb/morals/main.go:192.3,192.14 1 1
github.com/icreatejb/morals/main.go:189.16,191.3 1 1
github.com/icreatejb/morals/main.go:195.13,198.16 3 0
github.com/icreatejb/morals/main.go:202.2,207.44 6 0
github.com/icreatejb/morals/main.go:198.16,199.13 1 0
github.com/icreatejb/morals/main.go:200.3,200.9 1 0
